[2J[01;01H[=3h[2J[01;01H[2J[01;01H[=3h[2J[01;01H[2J[01;01H[=3h[2J[01;01H[2J[01;01H[=3h[2J[01;01HBdsDxe: failed to load Boot0001 "UEFI QEMU DVD-ROM QM00003 " from PciRoot(0x0)/Pci(0x1,0x1)/Ata(Secondary,Master,0x0): Not Found
BdsDxe: failed to load Boot0002 "UEFI QEMU HARDDISK QM00001 " from PciRoot(0x0)/Pci(0x1,0x1)/Ata(Primary,Master,0x0): Not Found
BdsDxe: loading Boot0003 "EFI Internal Shell" from Fv(7CB8BDC9-F8EB-4F34-AAEA-3EE4AF6516A1)/FvFile(7C04A583-9E3E-4F1C-AD65-E05268D0B4D1)
BdsDxe: starting Boot0003 "EFI Internal Shell" from Fv(7CB8BDC9-F8EB-4F34-AAEA-3EE4AF6516A1)/FvFile(7C04A583-9E3E-4F1C-AD65-E05268D0B4D1)
[2J[01;01H[01;01HUEFI Interactive Shell v2.2
EDK II
UEFI v2.70 (EDK II, 0x00010000)
[1m[33m[40mMapping table[0m[37m[40m
[1m[33m[40m      FS0:[0m[37m[40m [1m[37m[40mAlias(s):[0m[37m[40mHD0a1:;BLK1:
          PciRoot(0x0)/Pci(0x1,0x1)/Ata(0x0)/HD(1,MBR,0xBE1AFDFA,0x3F,0xFBFC1)
[1m[33m[40m     BLK0:[0m[37m[40m [1m[37m[40mAlias(s):[0m[37m[40m
          PciRoot(0x0)/Pci(0x1,0x1)/Ata(0x0)
[1m[33m[40m     BLK2:[0m[37m[40m [1m[37m[40mAlias(s):[0m[37m[40m
          PciRoot(0x0)/Pci(0x1,0x1)/Ata(0x0)
[11;01HPress [1m[37m[40mESC[0m[37m[40m in 5 seconds to skip [1m[33m[40mstartup.nsh[0m[37m[40m or any other key to continue.[11;01HPress [1m[37m[40mESC[0m[37m[40m in 4 seconds to skip [1m[33m[40mstartup.nsh[0m[37m[40m or any other key to continue.[11;01HPress [1m[37m[40mESC[0m[37m[40m in 3 seconds to skip [1m[33m[40mstartup.nsh[0m[37m[40m or any other key to continue.[11;01HPress [1m[37m[40mESC[0m[37m[40m in 2 seconds to skip [1m[33m[40mstartup.nsh[0m[37m[40m or any other key to continue.[11;01HPress [1m[37m[40mESC[0m[37m[40m in 1 seconds to skip [1m[33m[40mstartup.nsh[0m[37m[40m or any other key to continue.
[12;01H[1m[33m[40mShell> [0m[37m[40m[12;08H[12;08H[12;08H[12;08H[2J[01;01H[=3h[2J[01;01H[2J[01;01H[=3h[2J[01;01H[2J[01;01H[=3h[2J[01;01H[2J[01;01H[=3h[2J[01;01HBdsDxe: failed to load Boot0001 "UEFI QEMU DVD-ROM QM00003 " from PciRoot(0x0)/Pci(0x1,0x1)/Ata(Secondary,Master,0x0): Not Found
BdsDxe: failed to load Boot0002 "UEFI QEMU HARDDISK QM00001 " from PciRoot(0x0)/Pci(0x1,0x1)/Ata(Primary,Master,0x0): Not Found
BdsDxe: loading Boot0003 "EFI Internal Shell" from Fv(7CB8BDC9-F8EB-4F34-AAEA-3EE4AF6516A1)/FvFile(7C04A583-9E3E-4F1C-AD65-E05268D0B4D1)
BdsDxe: starting Boot0003 "EFI Internal Shell" from Fv(7CB8BDC9-F8EB-4F34-AAEA-3EE4AF6516A1)/FvFile(7C04A583-9E3E-4F1C-AD65-E05268D0B4D1)
[2J[01;01H[01;01HUEFI Interactive Shell v2.2
EDK II
UEFI v2.70 (EDK II, 0x00010000)
[1m[33m[40mMapping table[0m[37m[40m
[1m[33m[40m      FS0:[0m[37m[40m [1m[37m[40mAlias(s):[0m[37m[40mHD0a1:;BLK1:
          PciRoot(0x0)/Pci(0x1,0x1)/Ata(0x0)/HD(1,MBR,0xBE1AFDFA,0x3F,0xFBFC1)
[1m[33m[40m     BLK0:[0m[37m[40m [1m[37m[40mAlias(s):[0m[37m[40m
          PciRoot(0x0)/Pci(0x1,0x1)/Ata(0x0)
[1m[33m[40m     BLK2:[0m[37m[40m [1m[37m[40mAlias(s):[0m[37m[40m
          PciRoot(0x0)/Pci(0x1,0x1)/Ata(0x0)
[11;01HPress [1m[37m[40mESC[0m[37m[40m in 5 seconds to skip [1m[33m[40mstartup.nsh[0m[37m[40m or any other key to continue.
[12;01H[1m[33m[40mShell> [0m[37m[40m[12;08Hg[12;09H[12;09Hu[12;10H[12;10Hi[12;11H[12;11H
'[1m[33m[40mgui[0m[37m[40m' is not recognized as an internal or external command, operable program, or script file.
[14;01H[1m[33m[40mShell> [0m[37m[40m[14;08Hh[14;09H[14;09He[14;10H[14;10Hl[14;11H[14;11Hp[14;12H[14;12H
[1m[37m[40malias         [0m[37m[40m- Displays, creates, or deletes UEFI Shell aliases.
[1m[37m[40mattrib        [0m[37m[40m- Displays or modifies the attributes of files or directories.
[1m[37m[40mbcfg          [0m[37m[40m- Manages the boot and driver options that are stored in NVRAM.
[1m[37m[40mcd            [0m[37m[40m- Displays or changes the current directory.
[1m[37m[40mcls           [0m[37m[40m- Clears the console output and optionally changes the background and foreground color.
[1m[37m[40mcomp          [0m[37m[40m- Compares the contents of two files on a byte-for-byte basis.
[1m[37m[40mconnect       [0m[37m[40m- Binds a driver to a specific device and starts the driver.
[1m[37m[40mcp            [0m[37m[40m- Copies one or more files or directories to another location.
[1m[37m[40mdate          [0m[37m[40m- Displays and sets the current date for the system.
[1m[37m[40mdblk          [0m[37m[40m- Displays one or more blocks from a block device.
[1m[37m[40mdevices       [0m[37m[40m- Displays the list of devices managed by UEFI drivers.
[1m[37m[40mdevtree       [0m[37m[40m- Displays the UEFI Driver Model compliant device tree.
[1m[37m[40mdh            [0m[37m[40m- Displays the device handles in the UEFI environment.
[1m[37m[40mdisconnect    [0m[37m[40m- Disconnects one or more drivers from the specified devices.
[1m[37m[40mdmem          [0m[37m[40m- Displays the contents of system or device memory.
[1m[37m[40mdmpstore      [0m[37m[40m- Manages all UEFI variables.
[1m[37m[40mdrivers       [0m[37m[40m- Displays the UEFI driver list.
[1m[37m[40mdrvcfg        [0m[37m[40m- Invokes the driver configuration.
[1m[37m[40mdrvdiag       [0m[37m[40m- Invokes the Driver Diagnostics Protocol.
[1m[37m[40mecho          [0m[37m[40m- Controls script file command echoing or displays a message.
[1m[37m[40medit          [0m[37m[40m- Provides a full screen text editor for ASCII or UCS-2 files.
[1m[37m[40meficompress   [0m[37m[40m- Compresses a file using UEFI Compression Algorithm.
[1m[37m[40mefidecompress [0m[37m[40m- Decompresses a file using UEFI Decompression Algorithm.
[1m[37m[40melse          [0m[37m[40m- Identifies the code executed when 'if' is FALSE.
[1m[37m[40mendfor        [0m[37m[40m- Ends a 'for' loop.
[1m[37m[40mendif         [0m[37m[40m- Ends the block of a script controlled by an 'if' statement.
[1m[37m[40mexit          [0m[37m[40m- Exits the UEFI Shell or the current script.
[1m[37m[40mfor           [0m[37m[40m- Starts a loop based on 'for' syntax.
[1m[37m[40mgetmtc        [0m[37m[40m- Gets the MTC from BootServices and displays it.
[1m[37m[40mgoto          [0m[37m[40m- Moves around the point of execution in a script.
[1m[37m[40mhelp          [0m[37m[40m- Displays the UEFI Shell command list or verbose command help.
[1m[37m[40mhexedit       [0m[37m[40m- Provides a full screen hex editor for files, block devices, or memory.
[1m[37m[40mhttp          [0m[37m[40m- Download a file from HTTP server.
[1m[37m[40mif            [0m[37m[40m- Executes commands in specified conditions.
[1m[37m[40mifconfig      [0m[37m[40m- Modifies the default IP address of the UEFI IPv4 Network Stack.
[1m[37m[40mifconfig6     [0m[37m[40m- Displays or modifies IPv6 configuration for network interface.
[1m[37m[40minitrd        [0m[37m[40m- Registers or unregisters a file as Linux initrd.
[1m[37m[40mload          [0m[37m[40m- Loads a UEFI driver into memory.
[1m[37m[40mloadpcirom    [0m[37m[40m- Loads a PCI Option ROM.
[1m[37m[40mls            [0m[37m[40m- Lists the contents of a directory or file information.
[1m[37m[40mmap           [0m[37m[40m- Displays or defines file system mappings.
[1m[37m[40mmemmap        [0m[37m[40m- Displays the memory map maintained by the UEFI environment.
[1m[37m[40mmkdir         [0m[37m[40m- Creates one or more new directories.
[1m[37m[40mmm            [0m[37m[40m- Displays or modifies MEM/MMIO/IO/PCI/PCIE address space.
[1m[37m[40mmode          [0m[37m[40m- Displays or changes the console output device mode.
[1m[37m[40mmv            [0m[37m[40m- Moves one or more files to a destination within or between file systems.
[1m[37m[40mopeninfo      [0m[37m[40m- Displays the protocols and agents associated with a handle.
[1m[37m[40mparse         [0m[37m[40m- Retrieves a value from a standard format output file.
[1m[37m[40mpause         [0m[37m[40m- Pauses a script and waits for an operator to press a key.
[1m[37m[40mpci           [0m[37m[40m- Displays PCI device list or PCI function configuration space and PCIe extended
configuration space.
[1m[37m[40mping          [0m[37m[40m- Ping the target host with an IPv4 stack.
[1m[37m[40mping6         [0m[37m[40m- Ping a target machine with UEFI IPv6 network stack.
[1m[37m[40mreconnect     [0m[37m[40m- Reconnects drivers to the specific device.
[1m[37m[40mreset         [0m[37m[40m- Resets the system.
[1m[37m[40mrm            [0m[37m[40m- Deletes one or more files or directories.
[1m[37m[40msermode       [0m[37m[40m- Sets serial port attributes.
[1m[37m[40mset           [0m[37m[40m- Displays or modifies UEFI Shell environment variables.
[1m[37m[40msetsize       [0m[37m[40m- Adjusts the size of a file.
[1m[37m[40msetvar        [0m[37m[40m- Displays or modifies a UEFI variable.
[1m[37m[40mshift         [0m[37m[40m- Shifts in-script parameter positions.
[1m[37m[40msmbiosview    [0m[37m[40m- Displays SMBIOS information.
[1m[37m[40mstall         [0m[37m[40m- Stalls the operation for a specified number of microseconds.
[1m[37m[40mtftp          [0m[37m[40m- Download a file from TFTP server.
[1m[37m[40mtime          [0m[37m[40m- Displays or sets the current time for the system.
[1m[37m[40mtimezone      [0m[37m[40m- Displays or sets time zone information.
[1m[37m[40mtouch         [0m[37m[40m- Updates the filename timestamp with the current system date and time.
[1m[37m[40mtype          [0m[37m[40m- Sends the contents of a file to the standard output device.
[1m[37m[40munload        [0m[37m[40m- Unloads a driver image that was already loaded.
[1m[37m[40mver           [0m[37m[40m- Displays UEFI Firmware version information.
[1m[37m[40mvol           [0m[37m[40m- Displays or modifies information about a disk volume.

Help usage:help [[1m[37m[40mcmd[0m[37m[40m|[1m[37m[40mpattern[0m[37m[40m|[1m[37m[40mspecial[0m[37m[40m] [[1m[37m[40m-usage[0m[37m[40m] [[1m[37m[40m-verbose[0m[37m[40m] [[1m[37m[40m-section name[0m[37m[40m][[1m[37m[40m-b[0m[37m[40m]
[40;01H[1m[33m[40mShell> [0m[37m[40m[40;08Hd[40;09H[40;09He[40;10H[40;10Hv[40;11H[40;11Hi[40;12H[40;12Hc[40;13H[40;13He[40;14H[40;14Hs[40;15H[40;15H
     T   D
     Y C I
     P F A
CTRL E G G #P #D #C  Device Name
==== = = = == == === =========================================================
[1m[37m[40m  33[0m[37m[40m R - -  0  1   5 PciRoot(0x0)
[1m[37m[40m  66[0m[37m[40m D - -  2  0   0 Primary Console Input Device
[1m[37m[40m  67[0m[37m[40m D - -  2  0   0 Primary Console Output Device
[1m[37m[40m  68[0m[37m[40m D - -  1  0   0 Primary Standard Error Device
[1m[37m[40m  9F[0m[37m[40m D - -  1  0   0 PciRoot(0x0)/Pci(0x0,0x0)
[1m[37m[40m  A0[0m[37m[40m B - -  1  1   3 PciRoot(0x0)/Pci(0x1,0x0)
[1m[37m[40m  A1[0m[37m[40m B - -  1  4   2 Sata Controller
[1m[37m[40m  A2[0m[37m[40m D - -  1  0   0 PciRoot(0x0)/Pci(0x1,0x3)
[1m[37m[40m  A3[0m[37m[40m B - -  1  1   1 QEMU Video PCI Adapter
[1m[37m[40m  A5[0m[37m[40m B - -  1  3   1 PciRoot(0x0)/Pci(0x2,0x0)/AcpiAdr(0x80010100)
[1m[37m[40m  A8[0m[37m[40m B - -  1  1   1 PciRoot(0x0)/Pci(0x1,0x0)/Serial(0x0)
[1m[37m[40m  A9[0m[37m[40m D - -  1  0   0 PciRoot(0x0)/Pci(0x1,0x0)/Serial(0x1)
[1m[37m[40m  AA[0m[37m[40m B - -  1  3   1 PS/2 Keyboard Device
[1m[37m[40m  AB[0m[37m[40m B - -  1  1   1 SIO Serial Port #0
[1m[37m[40m  AC[0m[37m[40m B - -  1  5   3 PC-ANSI Serial Console
[1m[37m[40m  AD[0m[37m[40m B - -  1  2   1 QEMU HARDDISK                           
[1m[37m[40m  AE[0m[37m[40m D - -  1  2   0 SCSI Disk Device
[1m[37m[40m  AF[0m[37m[40m D - -  1  2   0 FAT File System
[40;01H[1m[33m[40mShell> [0m[37m[40m[40;08Hn[40;09H[40;08H [40;08H[40;08H[40;08Hb[40;09H[40;09Hc[40;10H[40;10Hg[40;11H[40;11Hf[40;12H[40;11H [40;11H[40;10H [40;10H[40;10Hf[40;11H[40;11Hg[40;12H[40;12H
[1m[37m[40mbcfg[0m[37m[40m: Too few arguments.
[40;01H[1m[33m[40mShell> [0m[37m[40m